[2m5:49:03 PM[22m [31m[1m[vite][22m[39m [31m[2m(ssr)[22m[39m [31mError when evaluating SSR module C:\Users\Jose Carlos\Documents\dev\savec-v2\astro.config.mjs: Cannot find module '@astrojs/tailwind' imported from 'C:/Users/Jose Carlos/Documents/dev/savec-v2/astro.config.mjs'[39m
      at fetchModule (file:///C:/Users/Jose%20Carlos/Documents/dev/savec-v2/node_modules/vite/dist/node/chunks/dep-D4NMHUTW.js:46842:19)
      at RunnableDevEnvironment.fetchModule (file:///C:/Users/Jose%20Carlos/Documents/dev/savec-v2/node_modules/vite/dist/node/chunks/dep-D4NMHUTW.js:47933:12)
      at fetchModule (file:///C:/Users/Jose%20Carlos/Documents/dev/savec-v2/node_modules/vite/dist/node/chunks/dep-D4NMHUTW.js:47887:21)
      at handleInvoke (file:///C:/Users/Jose%20Carlos/Documents/dev/savec-v2/node_modules/vite/dist/node/chunks/dep-D4NMHUTW.js:39002:28)
      at EventEmitter.listenerForInvokeHandler (file:///C:/Users/Jose%20Carlos/Documents/dev/savec-v2/node_modules/vite/dist/node/chunks/dep-D4NMHUTW.js:39075:25)
      at EventEmitter.emit (node:events:518:28)
      at Object.send (file:///C:/Users/Jose%20Carlos/Documents/dev/savec-v2/node_modules/vite/dist/node/chunks/dep-D4NMHUTW.js:25190:40)
      at Object.invoke (file:///C:/Users/Jose%20Carlos/Documents/dev/savec-v2/node_modules/vite/dist/node/module-runner.js:621:34)
      at Object.invoke (file:///C:/Users/Jose%20Carlos/Documents/dev/savec-v2/node_modules/vite/dist/node/module-runner.js:682:34)
      at SSRCompatModuleRunner.getModuleInformation (file:///C:/Users/Jose%20Carlos/Documents/dev/savec-v2/node_modules/vite/dist/node/module-runner.js:1205:94)
[1m[31m[astro][39m[22m Unable to load your Astro config

Cannot find module '@astrojs/tailwind' imported from 'C:/Users/Jose Carlos/Documents/dev/savec-v2/astro.config.mjs'
  [1mLocation:[22m
    [4mC:\Users\Jose Carlos\Documents\dev\savec-v2\node_modules\vite\dist\node\chunks\dep-D4NMHUTW.js:46842:19[24m
  [1mStack trace:[22m
[2m    at fetchModule (file:///C:/Users/Jose%20Carlos/Documents/dev/savec-v2/node_modules/vite/dist/node/chunks/dep-D4NMHUTW.js:46842:19)
    at fetchModule (file:///C:/Users/Jose%20Carlos/Documents/dev/savec-v2/node_modules/vite/dist/node/chunks/dep-D4NMHUTW.js:47887:21)
    at EventEmitter.listenerForInvokeHandler (file:///C:/Users/Jose%20Carlos/Documents/dev/savec-v2/node_modules/vite/dist/node/chunks/dep-D4NMHUTW.js:39075:25)
    at Object.send (file:///C:/Users/Jose%20Carlos/Documents/dev/savec-v2/node_modules/vite/dist/node/chunks/dep-D4NMHUTW.js:25190:40)
    at Object.invoke (file:///C:/Users/Jose%20Carlos/Documents/dev/savec-v2/node_modules/vite/dist/node/module-runner.js:682:34)[22m
